#
# A fatal error has been detected by the Java Runtime Environment:
#
#  EXCEPTION_ACCESS_VIOLATION (0xc0000005) at pc=0x0000000000000000, pid=13276, tid=14272
#
# JRE version: Java(TM) SE Runtime Environment (8.0_65-b17) (build 1.8.0_65-b17)
# Java VM: Java HotSpot(TM) 64-Bit Server VM (25.65-b01 mixed mode windows-amd64 compressed oops)
# Problematic frame:
# C  0x0000000000000000
#
# Failed to write core dump. Minidumps are not enabled by default on client versions of Windows
#
# If you would like to submit a bug report, please visit:
#   http://bugreport.java.com/bugreport/crash.jsp
# The crash happened outside the Java Virtual Machine in native code.
# See problematic frame for where to report the bug.
#

---------------  T H R E A D  ---------------

Current thread (0x00000000286c3800):  JavaThread "AWT-Windows" daemon [_thread_in_native, id=14272, stack(0x0000000029b10000,0x0000000029c10000)]

siginfo: ExceptionCode=0xc0000005, ExceptionInformation=0x0000000000000008 0x0000000000000000

Registers:
RAX=0x00007ffdb8e3c020, RBX=0x000000002e88bad0, RCX=0x0000000000000000, RDX=0x000000002e819220
RSP=0x0000000029c0ed68, RBP=0x000000002e819220, RSI=0x000000002a222840, RDI=0x0000000000000000
R8 =0x000000002e88bad0, R9 =0x0000000000000000, R10=0x0000000000000000, R11=0x0000000000000064
R12=0x0000000000000000, R13=0x0000000025039ff8, R14=0x0000000000000000, R15=0x000000003209cec0
RIP=0x0000000000000000, EFLAGS=0x0000000000010202

Top of Stack: (sp=0x0000000029c0ed68)
0x0000000029c0ed68:   00007ffdb8e3c093 0000000000b02d20
0x0000000029c0ed78:   000000005e000049 00000000286c3800
0x0000000029c0ed88:   0000000029c0ed38 00007ffdb8e3c020
0x0000000029c0ed98:   00007ffdb8e38277 0000000000000001
0x0000000029c0eda8:   0000000000000000 000000002e819320
0x0000000029c0edb8:   0000000000000000 000000002a222840
0x0000000029c0edc8:   000000002e88bad0 000000003209cec0
0x0000000029c0edd8:   0000000000000000 000000002e899e40
0x0000000029c0ede8:   00007ffdb8e38c5c 000000002e899e48
0x0000000029c0edf8:   000000002e811108 000000002e899e48
0x0000000029c0ee08:   000000005e457554 00007ffdb8e62ec0
0x0000000029c0ee18:   00007ffdb8e2675d 0000000029c0f198
0x0000000029c0ee28:   000000002e811108 000000002e899e48
0x0000000029c0ee38:   0000000000000000 000000002e848460
0x0000000029c0ee48:   00007ffdb8e32ad0 0000000000000000
0x0000000029c0ee58:   00007ffdb8e29ff0 000000002e80d1c0 

Instructions: (pc=0x0000000000000000)
0xffffffffffffffe0:   


Register to memory mapping:

RAX=0x00007ffdb8e3c020 is an unknown value
RBX=0x000000002e88bad0 is an unknown value
RCX=0x0000000000000000 is an unknown value
RDX=0x000000002e819220 is an unknown value
RSP=0x0000000029c0ed68 is pointing into the stack for thread: 0x00000000286c3800
RBP=0x000000002e819220 is an unknown value
RSI=0x000000002a222840 is an unknown value
RDI=0x0000000000000000 is an unknown value
R8 =0x000000002e88bad0 is an unknown value
R9 =0x0000000000000000 is an unknown value
R10=0x0000000000000000 is an unknown value
R11=0x0000000000000064 is an unknown value
R12=0x0000000000000000 is an unknown value
R13={method} {0x000000002503a000} 'eventLoop' '()V' in 'sun/awt/windows/WToolkit'
R14=0x0000000000000000 is an unknown value
R15=0x000000003209cec0 is an unknown value


Stack: [0x0000000029b10000,0x0000000029c10000],  sp=0x0000000029c0ed68,  free space=1019k
Native frames: (J=compiled Java code, j=interpreted, Vv=VM code, C=native code)

Java frames: (J=compiled Java code, j=interpreted, Vv=VM code)
j  sun.awt.windows.WToolkit.eventLoop()V+0
j  sun.awt.windows.WToolkit.run()V+58
j  java.lang.Thread.run()V+11
v  ~StubRoutines::call_stub

---------------  P R O C E S S  ---------------

Java Threads: ( => current thread )
  0x00000000282fc000 JavaThread "Thread-0" daemon [_thread_in_native, id=16040, stack(0x0000000033ba0000,0x0000000033ca0000)]
  0x0000000028d90000 JavaThread "AWT-EventQueue-0" [_thread_blocked, id=7568, stack(0x000000002e420000,0x000000002e520000)]
=>0x00000000286c3800 JavaThread "AWT-Windows" daemon [_thread_in_native, id=14272, stack(0x0000000029b10000,0x0000000029c10000)]
  0x0000000028b8e000 JavaThread "AWT-Shutdown" [_thread_blocked, id=4188, stack(0x0000000029a10000,0x0000000029b10000)]
  0x00000000281ed000 JavaThread "Java2D Disposer" daemon [_thread_blocked, id=10964, stack(0x0000000029910000,0x0000000029a10000)]
  0x0000000027607800 JavaThread "Service Thread" daemon [_thread_blocked, id=12456, stack(0x0000000027f40000,0x0000000028040000)]
  0x00000000275b6000 JavaThread "C1 CompilerThread3" daemon [_thread_blocked, id=10876, stack(0x0000000027e40000,0x0000000027f40000)]
  0x00000000275b4000 JavaThread "C2 CompilerThread2" daemon [_thread_blocked, id=3620, stack(0x0000000027d40000,0x0000000027e40000)]
  0x0000000027594000 JavaThread "C2 CompilerThread1" daemon [_thread_blocked, id=14148, stack(0x0000000027c40000,0x0000000027d40000)]
  0x0000000027568000 JavaThread "C2 CompilerThread0" daemon [_thread_blocked, id=2636, stack(0x0000000027b40000,0x0000000027c40000)]
  0x0000000027566800 JavaThread "Attach Listener" daemon [_thread_blocked, id=936, stack(0x0000000027a40000,0x0000000027b40000)]
  0x0000000027566000 JavaThread "Signal Dispatcher" daemon [_thread_blocked, id=6140, stack(0x0000000027940000,0x0000000027a40000)]
  0x000000000248a800 JavaThread "Finalizer" daemon [_thread_blocked, id=4044, stack(0x0000000027360000,0x0000000027460000)]
  0x0000000002482000 JavaThread "Reference Handler" daemon [_thread_blocked, id=5196, stack(0x0000000027260000,0x0000000027360000)]
  0x0000000002390800 JavaThread "main" [_thread_in_native, id=13716, stack(0x00000000021c0000,0x00000000022c0000)]

Other Threads:
  0x0000000025489800 VMThread [stack: 0x0000000027160000,0x0000000027260000] [id=8444]
  0x0000000027609800 WatcherThread [stack: 0x0000000028040000,0x0000000028140000] [id=6036]

VM state:not at safepoint (normal execution)

VM Mutex/Monitor currently owned by a thread: None

Heap:
 PSYoungGen      total 407040K, used 23942K [0x0000000715980000, 0x0000000736200000, 0x00000007c0000000)
  eden space 312832K, 5% used [0x0000000715980000,0x00000007169f8d88,0x0000000728b00000)
  from space 94208K, 7% used [0x0000000730600000,0x0000000730ce8d20,0x0000000736200000)
  to   space 110080K, 0% used [0x0000000728b00000,0x0000000728b00000,0x000000072f680000)
 ParOldGen       total 561152K, used 229887K [0x00000005c0c00000, 0x00000005e3000000, 0x0000000715980000)
  object space 561152K, 40% used [0x00000005c0c00000,0x00000005cec7ff08,0x00000005e3000000)
 Metaspace       used 11475K, capacity 11656K, committed 11904K, reserved 1060864K
  class space    used 1246K, capacity 1323K, committed 1408K, reserved 1048576K

Card table byte_map: [0x0000000011850000,0x0000000012850000] byte_map_base: 0x000000000ea4a000

Marking Bits: (ParMarkBitMap*) 0x000000005eb0a5b0
 Begin Bits: [0x0000000013b00000, 0x000000001bad0000)
 End Bits:   [0x000000001bad0000, 0x0000000023aa0000)

Polling page: 0x0000000000550000

CodeCache: size=245760Kb used=6463Kb max_used=7296Kb free=239296Kb
 bounds [0x0000000002490000, 0x0000000002be0000, 0x0000000011490000]
 total_blobs=2039 nmethods=1547 adapters=405
 compilation: enabled

Compilation events (10 events):
Event: 1261.379 Thread 0x00000000275b6000 2014   !   3       java.awt.Container::findComponentAt (42 bytes)
Event: 1261.379 Thread 0x00000000275b6000 nmethod 2014 0x000000000268a6d0 code [0x000000000268a860, 0x000000000268ae78]
Event: 1261.379 Thread 0x00000000275b6000 2015   !   3       sun.awt.AWTAutoShutdown::getPeer (43 bytes)
Event: 1261.380 Thread 0x00000000275b6000 nmethod 2015 0x0000000002689d90 code [0x0000000002689f20, 0x000000000268a488]
Event: 1261.622 Thread 0x00000000275b6000 2016       1       sun.util.locale.StringTokenIterator::isDone (5 bytes)
Event: 1261.622 Thread 0x00000000275b6000 nmethod 2016 0x0000000002666dd0 code [0x0000000002666f20, 0x0000000002667030]
Event: 1261.693 Thread 0x00000000275b6000 2017       3       sun.java2d.d3d.D3DSurfaceData::setSurfaceLost (29 bytes)
Event: 1261.693 Thread 0x00000000275b6000 nmethod 2017 0x00000000029da0d0 code [0x00000000029da260, 0x00000000029da678]
Event: 1261.693 Thread 0x00000000275b6000 2018       3       sun.java2d.SurfaceData::setSurfaceLost (13 bytes)
Event: 1261.693 Thread 0x00000000275b6000 nmethod 2018 0x0000000002689910 code [0x0000000002689a80, 0x0000000002689cd0]

GC Heap History (10 events):
Event: 918.623 GC heap before
{Heap before GC invocations=15 (full 1):
 PSYoungGen      total 373760K, used 373628K [0x0000000715980000, 0x000000073de80000, 0x00000007c0000000)
  eden space 366592K, 100% used [0x0000000715980000,0x000000072bf80000,0x000000072bf80000)
  from space 7168K, 98% used [0x000000072cb80000,0x000000072d25f040,0x000000072d280000)
  to   space 146944K, 0% used [0x0000000734f00000,0x0000000734f00000,0x000000073de80000)
 ParOldGen       total 561152K, used 229831K [0x00000005c0c00000, 0x00000005e3000000, 0x0000000715980000)
  object space 561152K, 40% used [0x00000005c0c00000,0x00000005cec71f08,0x00000005e3000000)
 Metaspace       used 11460K, capacity 11656K, committed 11904K, reserved 1060864K
  class space    used 1244K, capacity 1323K, committed 1408K, reserved 1048576K
Event: 918.628 GC heap after
Heap after GC invocations=15 (full 1):
 PSYoungGen      total 473600K, used 10702K [0x0000000715980000, 0x000000073c300000, 0x00000007c0000000)
  eden space 354816K, 0% used [0x0000000715980000,0x0000000715980000,0x000000072b400000)
  from space 118784K, 9% used [0x0000000734f00000,0x00000007359739b8,0x000000073c300000)
  to   space 138752K, 0% used [0x000000072b400000,0x000000072b400000,0x0000000733b80000)
 ParOldGen       total 561152K, used 229831K [0x00000005c0c00000, 0x00000005e3000000, 0x0000000715980000)
  object space 561152K, 40% used [0x00000005c0c00000,0x00000005cec71f08,0x00000005e3000000)
 Metaspace       used 11460K, capacity 11656K, committed 11904K, reserved 1060864K
  class space    used 1244K, capacity 1323K, committed 1408K, reserved 1048576K
}
Event: 1008.478 GC heap before
{Heap before GC invocations=16 (full 1):
 PSYoungGen      total 473600K, used 365518K [0x0000000715980000, 0x000000073c300000, 0x00000007c0000000)
  eden space 354816K, 100% used [0x0000000715980000,0x000000072b400000,0x000000072b400000)
  from space 118784K, 9% used [0x0000000734f00000,0x00000007359739b8,0x000000073c300000)
  to   space 138752K, 0% used [0x000000072b400000,0x000000072b400000,0x0000000733b80000)
 ParOldGen       total 561152K, used 229831K [0x00000005c0c00000, 0x00000005e3000000, 0x0000000715980000)
  object space 561152K, 40% used [0x00000005c0c00000,0x00000005cec71f08,0x00000005e3000000)
 Metaspace       used 11460K, capacity 11656K, committed 11904K, reserved 1060864K
  class space    used 1244K, capacity 1323K, committed 1408K, reserved 1048576K
Event: 1008.480 GC heap after
Heap after GC invocations=16 (full 1):
 PSYoungGen      total 354304K, used 10640K [0x0000000715980000, 0x000000073a800000, 0x00000007c0000000)
  eden space 343552K, 0% used [0x0000000715980000,0x0000000715980000,0x000000072a900000)
  from space 10752K, 98% used [0x000000072b400000,0x000000072be64048,0x000000072be80000)
  to   space 130560K, 0% used [0x0000000732880000,0x0000000732880000,0x000000073a800000)
 ParOldGen       total 561152K, used 229831K [0x00000005c0c00000, 0x00000005e3000000, 0x0000000715980000)
  object space 561152K, 40% used [0x00000005c0c00000,0x00000005cec71f08,0x00000005e3000000)
 Metaspace       used 11460K, capacity 11656K, committed 11904K, reserved 1060864K
  class space    used 1244K, capacity 1323K, committed 1408K, reserved 1048576K
}
Event: 1095.986 GC heap before
{Heap before GC invocations=17 (full 1):
 PSYoungGen      total 354304K, used 354192K [0x0000000715980000, 0x000000073a800000, 0x00000007c0000000)
  eden space 343552K, 100% used [0x0000000715980000,0x000000072a900000,0x000000072a900000)
  from space 10752K, 98% used [0x000000072b400000,0x000000072be64048,0x000000072be80000)
  to   space 130560K, 0% used [0x0000000732880000,0x0000000732880000,0x000000073a800000)
 ParOldGen       total 561152K, used 229831K [0x00000005c0c00000, 0x00000005e3000000, 0x0000000715980000)
  object space 561152K, 40% used [0x00000005c0c00000,0x00000005cec71f08,0x00000005e3000000)
 Metaspace       used 11462K, capacity 11656K, committed 11904K, reserved 1060864K
  class space    used 1244K, capacity 1323K, committed 1408K, reserved 1048576K
Event: 1095.990 GC heap after
Heap after GC invocations=17 (full 1):
 PSYoungGen      total 437248K, used 10704K [0x0000000715980000, 0x0000000738e80000, 0x00000007c0000000)
  eden space 332800K, 0% used [0x0000000715980000,0x0000000715980000,0x0000000729e80000)
  from space 104448K, 10% used [0x0000000732880000,0x00000007332f43f0,0x0000000738e80000)
  to   space 122880K, 0% used [0x0000000729e80000,0x0000000729e80000,0x0000000731680000)
 ParOldGen       total 561152K, used 229839K [0x00000005c0c00000, 0x00000005e3000000, 0x0000000715980000)
  object space 561152K, 40% used [0x00000005c0c00000,0x00000005cec73f08,0x00000005e3000000)
 Metaspace       used 11462K, capacity 11656K, committed 11904K, reserved 1060864K
  class space    used 1244K, capacity 1323K, committed 1408K, reserved 1048576K
}
Event: 1178.000 GC heap before
{Heap before GC invocations=18 (full 1):
 PSYoungGen      total 437248K, used 343504K [0x0000000715980000, 0x0000000738e80000, 0x00000007c0000000)
  eden space 332800K, 100% used [0x0000000715980000,0x0000000729e80000,0x0000000729e80000)
  from space 104448K, 10% used [0x0000000732880000,0x00000007332f43f0,0x0000000738e80000)
  to   space 122880K, 0% used [0x0000000729e80000,0x0000000729e80000,0x0000000731680000)
 ParOldGen       total 561152K, used 229839K [0x00000005c0c00000, 0x00000005e3000000, 0x0000000715980000)
  object space 561152K, 40% used [0x00000005c0c00000,0x00000005cec73f08,0x00000005e3000000)
 Metaspace       used 11462K, capacity 11656K, committed 11904K, reserved 1060864K
  class space    used 1244K, capacity 1323K, committed 1408K, reserved 1048576K
Event: 1178.004 GC heap after
Heap after GC invocations=18 (full 1):
 PSYoungGen      total 329728K, used 7074K [0x0000000715980000, 0x0000000737780000, 0x00000007c0000000)
  eden space 322560K, 0% used [0x0000000715980000,0x0000000715980000,0x0000000729480000)
  from space 7168K, 98% used [0x0000000729e80000,0x000000072a568988,0x000000072a580000)
  to   space 116224K, 0% used [0x0000000730600000,0x0000000730600000,0x0000000737780000)
 ParOldGen       total 561152K, used 229839K [0x00000005c0c00000, 0x00000005e3000000, 0x0000000715980000)
  object space 561152K, 40% used [0x00000005c0c00000,0x00000005cec73f08,0x00000005e3000000)
 Metaspace       used 11462K, capacity 11656K, committed 11904K, reserved 1060864K
  class space    used 1244K, capacity 1323K, committed 1408K, reserved 1048576K
}
Event: 1259.445 GC heap before
{Heap before GC invocations=19 (full 1):
 PSYoungGen      total 329728K, used 329634K [0x0000000715980000, 0x0000000737780000, 0x00000007c0000000)
  eden space 322560K, 100% used [0x0000000715980000,0x0000000729480000,0x0000000729480000)
  from space 7168K, 98% used [0x0000000729e80000,0x000000072a568988,0x000000072a580000)
  to   space 116224K, 0% used [0x0000000730600000,0x0000000730600000,0x0000000737780000)
 ParOldGen       total 561152K, used 229839K [0x00000005c0c00000, 0x00000005e3000000, 0x0000000715980000)
  object space 561152K, 40% used [0x00000005c0c00000,0x00000005cec73f08,0x00000005e3000000)
 Metaspace       used 11464K, capacity 11656K, committed 11904K, reserved 1060864K
  class space    used 1244K, capacity 1323K, committed 1408K, reserved 1048576K
Event: 1259.448 GC heap after
Heap after GC invocations=19 (full 1):
 PSYoungGen      total 407040K, used 7075K [0x0000000715980000, 0x0000000736200000, 0x00000007c0000000)
  eden space 312832K, 0% used [0x0000000715980000,0x0000000715980000,0x0000000728b00000)
  from space 94208K, 7% used [0x0000000730600000,0x0000000730ce8d20,0x0000000736200000)
  to   space 110080K, 0% used [0x0000000728b00000,0x0000000728b00000,0x000000072f680000)
 ParOldGen       total 561152K, used 229887K [0x00000005c0c00000, 0x00000005e3000000, 0x0000000715980000)
  object space 561152K, 40% used [0x00000005c0c00000,0x00000005cec7ff08,0x00000005e3000000)
 Metaspace       used 11464K, capacity 11656K, committed 11904K, reserved 1060864K
  class space    used 1244K, capacity 1323K, committed 1408K, reserved 1048576K
}

Deoptimization events (10 events):
Event: 816.981 Thread 0x0000000028d90000 Uncommon trap: reason=unstable_if action=reinterpret pc=0x0000000002765290 method=java.util.IdentityHashMap.isEmpty()Z @ 4
Event: 817.586 Thread 0x0000000028d90000 Uncommon trap: reason=class_check action=maybe_recompile pc=0x00000000027a62fc method=sun.java2d.pipe.BufferedContext.validate(Lsun/java2d/pipe/hw/AccelSurface;Lsun/java2d/pipe/hw/AccelSurface;Lsun/java2d/pipe/Region;Ljava/awt/Composite;Ljava/awt/geom/Affiﬂ
Event: 817.586 Thread 0x0000000028d90000 Uncommon trap: reason=class_check action=maybe_recompile pc=0x00000000029159b8 method=sun.java2d.pipe.BufferedContext.setSurfaces(Lsun/java2d/pipe/hw/AccelSurface;Lsun/java2d/pipe/hw/AccelSurface;)V @ 25
Event: 817.586 Thread 0x0000000002390800 Uncommon trap: reason=unstable_if action=reinterpret pc=0x00000000027a63a8 method=sun.java2d.pipe.BufferedContext.validate(Lsun/java2d/pipe/hw/AccelSurface;Lsun/java2d/pipe/hw/AccelSurface;Lsun/java2d/pipe/Region;Ljava/awt/Composite;Ljava/awt/geom/AffineTr
Event: 817.586 Thread 0x0000000028d93000 Uncommon trap: reason=unstable_if action=reinterpret pc=0x000000000274b158 method=sun.java2d.d3d.D3DSurfaceData$D3DWindowSurfaceData.isDirty()Z @ 9
Event: 817.589 Thread 0x0000000002390800 Uncommon trap: reason=unstable_if action=reinterpret pc=0x00000000025f4ca0 method=sun.java2d.SunGraphics2D.getCompClip()Lsun/java2d/pipe/Region; @ 7
Event: 817.594 Thread 0x0000000002390800 Uncommon trap: reason=unstable_if action=reinterpret pc=0x00000000026fdb10 method=java.util.concurrent.ConcurrentHashMap.get(Ljava/lang/Object;)Ljava/lang/Object; @ 138
Event: 817.635 Thread 0x0000000002390800 Uncommon trap: reason=unstable_if action=reinterpret pc=0x00000000029c3c4c method=java.util.concurrent.ConcurrentHashMap.get(Ljava/lang/Object;)Ljava/lang/Object; @ 138
Event: 817.799 Thread 0x0000000028d93000 Uncommon trap: reason=unstable_if action=reinterpret pc=0x0000000002acd1ec method=sun.java2d.d3d.D3DSurfaceData$D3DWindowSurfaceData.isDirty()Z @ 9
Event: 1261.691 Thread 0x0000000028d93000 Uncommon trap: reason=unstable_if action=reinterpret pc=0x00000000026f9474 method=sun.java2d.d3d.D3DScreenUpdateManager.run()V @ 4

Internal exceptions (10 events):
Event: 33.100 Thread 0x0000000002390800 Exception <a 'java/lang/NoSuchFieldError': method resolution failed> (0x00000007213e1128) thrown at [C:\workspace\8-2-build-windows-amd64-cygwin\jdk8u65\4987\hotspot\src\share\vm\prims\methodHandles.cpp, line 1146]
Event: 33.101 Thread 0x0000000002390800 Exception <a 'java/lang/NoSuchFieldError': method resolution failed> (0x00000007213ee6b0) thrown at [C:\workspace\8-2-build-windows-amd64-cygwin\jdk8u65\4987\hotspot\src\share\vm\prims\methodHandles.cpp, line 1146]
Event: 33.135 Thread 0x0000000002390800 Exception <a 'java/io/FileNotFoundException'> (0x00000007214d56b0) thrown at [C:\workspace\8-2-build-windows-amd64-cygwin\jdk8u65\4987\hotspot\src\share\vm\prims\jni.cpp, line 709]
Event: 33.271 Thread 0x0000000002390800 Implicit null exception at 0x00000000027a9e62 to 0x00000000027aa055
Event: 33.286 Thread 0x0000000002390800 Implicit null exception at 0x00000000027236d6 to 0x0000000002723a2d
Event: 33.286 Thread 0x0000000002390800 Implicit null exception at 0x000000000270ec16 to 0x000000000270ef5d
Event: 33.289 Thread 0x0000000002390800 Implicit null exception at 0x0000000002812613 to 0x0000000002812b9d
Event: 67.980 Thread 0x0000000002390800 Implicit null exception at 0x0000000002abc862 to 0x0000000002abe2ad
Event: 67.980 Thread 0x0000000002390800 Implicit null exception at 0x0000000002a857f2 to 0x0000000002a866a5
Event: 114.065 Thread 0x0000000002390800 Implicit null exception at 0x0000000002aefa75 to 0x0000000002af0de5

Events (10 events):
Event: 1261.691 loading class java/util/WeakHashMap$KeyIterator done
Event: 1261.691 Thread 0x0000000028d93000 Uncommon trap: trap_request=0xffffff65 fr.pc=0x00000000026f9474
Event: 1261.691 Thread 0x0000000028e1e800 Thread exited: 0x0000000028e1e800
Event: 1261.691 Thread 0x0000000028d93000 DEOPT PACKING pc=0x00000000026f9474 sp=0x000000002fecf540
Event: 1261.691 Thread 0x0000000028d93000 DEOPT UNPACKING pc=0x00000000024d582a sp=0x000000002fecf540 mode 2
Event: 1261.691 Executing VM operation: RevokeBias
Event: 1261.691 Executing VM operation: RevokeBias done
Event: 1261.691 Thread 0x0000000028d93000 Thread exited: 0x0000000028d93000
Event: 1261.692 loading class sun/java2d/pipe/hw/AccelDeviceEventNotifier
Event: 1261.692 loading class sun/java2d/pipe/hw/AccelDeviceEventNotifier done


Dynamic libraries:
0x00007ff712480000 - 0x00007ff7124b7000 	C:\Program Files\Java\jdk1.8.0_65\bin\javaw.exe
0x00007ffdd4b10000 - 0x00007ffdd4cd1000 	C:\WINDOWS\SYSTEM32\ntdll.dll
0x00007ffdd2b80000 - 0x00007ffdd2c2d000 	C:\WINDOWS\system32\KERNEL32.DLL
0x00007ffdd1bf0000 - 0x00007ffdd1dd8000 	C:\WINDOWS\system32\KERNELBASE.dll
0x00007ffdd29c0000 - 0x00007ffdd2a67000 	C:\WINDOWS\system32\ADVAPI32.dll
0x00007ffdd1f80000 - 0x00007ffdd201d000 	C:\WINDOWS\system32\msvcrt.dll
0x00007ffdd2a70000 - 0x00007ffdd2acb000 	C:\WINDOWS\system32\sechost.dll
0x00007ffdd48d0000 - 0x00007ffdd49ec000 	C:\WINDOWS\system32\RPCRT4.dll
0x00007ffdd2800000 - 0x00007ffdd2956000 	C:\WINDOWS\system32\USER32.dll
0x00007ffdd2c40000 - 0x00007ffdd2dc6000 	C:\WINDOWS\system32\GDI32.dll
0x00007ffdcc290000 - 0x00007ffdcc504000 	C:\WINDOWS\WinSxS\amd64_microsoft.windows.common-controls_6595b64144ccf1df_6.0.10586.0_none_8c15ae12515e1c22\COMCTL32.dll
0x00007ffdd2e10000 - 0x00007ffdd308d000 	C:\WINDOWS\system32\combase.dll
0x00007ffdd1de0000 - 0x00007ffdd1e4a000 	C:\WINDOWS\system32\bcryptPrimitives.dll
0x00007ffdd2dd0000 - 0x00007ffdd2e0b000 	C:\WINDOWS\system32\IMM32.DLL
0x000000005e080000 - 0x000000005e152000 	C:\Program Files\Java\jdk1.8.0_65\jre\bin\msvcr100.dll
0x000000005e300000 - 0x000000005eb89000 	C:\Program Files\Java\jdk1.8.0_65\jre\bin\server\jvm.dll
0x00007ffdd2c30000 - 0x00007ffdd2c38000 	C:\WINDOWS\system32\PSAPI.DLL
0x00007ffdc1a00000 - 0x00007ffdc1a09000 	C:\WINDOWS\SYSTEM32\WSOCK32.dll
0x00007ffdcfc70000 - 0x00007ffdcfc93000 	C:\WINDOWS\SYSTEM32\WINMM.dll
0x00007ffdcf7c0000 - 0x00007ffdcf7ca000 	C:\WINDOWS\SYSTEM32\VERSION.dll
0x00007ffdd3300000 - 0x00007ffdd336b000 	C:\WINDOWS\system32\WS2_32.dll
0x00007ffdcfc10000 - 0x00007ffdcfc3c000 	C:\WINDOWS\SYSTEM32\WINMMBASE.dll
0x00007ffdd1a40000 - 0x00007ffdd1a83000 	C:\WINDOWS\system32\cfgmgr32.dll
0x000000005fbd0000 - 0x000000005fbdf000 	C:\Program Files\Java\jdk1.8.0_65\jre\bin\verify.dll
0x000000005e1f0000 - 0x000000005e219000 	C:\Program Files\Java\jdk1.8.0_65\jre\bin\java.dll
0x000000005e1d0000 - 0x000000005e1e6000 	C:\Program Files\Java\jdk1.8.0_65\jre\bin\zip.dll
0x00007ffdd3370000 - 0x00007ffdd48cc000 	C:\WINDOWS\system32\SHELL32.dll
0x00007ffdd13f0000 - 0x00007ffdd1a35000 	C:\WINDOWS\system32\windows.storage.dll
0x00007ffdd3090000 - 0x00007ffdd30e2000 	C:\WINDOWS\system32\shlwapi.dll
0x00007ffdd1180000 - 0x00007ffdd118f000 	C:\WINDOWS\system32\kernel.appcore.dll
0x00007ffdd1e50000 - 0x00007ffdd1f05000 	C:\WINDOWS\system32\shcore.dll
0x00007ffdd1130000 - 0x00007ffdd117b000 	C:\WINDOWS\system32\powrprof.dll
0x00007ffdd11a0000 - 0x00007ffdd11b4000 	C:\WINDOWS\system32\profapi.dll
0x000000005dee0000 - 0x000000005e078000 	C:\Program Files\Java\jdk1.8.0_65\jre\bin\awt.dll
0x00007ffdd2020000 - 0x00007ffdd20e1000 	C:\WINDOWS\system32\OLEAUT32.dll
0x00007ffdcfe40000 - 0x00007ffdcfeb9000 	C:\WINDOWS\system32\apphelp.dll
0x00007ffdceca0000 - 0x00007ffdcecc2000 	C:\WINDOWS\system32\DWMAPI.DLL
0x00007ffdcff20000 - 0x00007ffdcffb6000 	C:\WINDOWS\system32\uxtheme.dll
0x00007ffdd2520000 - 0x00007ffdd267a000 	C:\WINDOWS\system32\MSCTF.dll
0x00007ffdb4a90000 - 0x00007ffdb4b2a000 	C:\ProgramData\SplitmediaLabs\XSplit\Components3\x64\fraps64.dll
0x00007ffdd26b0000 - 0x00007ffdd27f3000 	C:\WINDOWS\system32\ole32.dll
0x00007ffdb8e10000 - 0x00007ffdb9020000 	C:\WINDOWS\system32\d3d9.dll
0x00007ffd922d0000 - 0x00007ffd931e6000 	C:\WINDOWS\SYSTEM32\nvd3dumx.dll
0x0000000180000000 - 0x00000001801a7000 	C:\WINDOWS\system32\nvspcap64.dll
0x00007ffdd20f0000 - 0x00007ffdd2519000 	C:\WINDOWS\system32\SETUPAPI.dll
0x00007ffdcd540000 - 0x00007ffdcd608000 	C:\WINDOWS\SYSTEM32\WINHTTP.dll
0x00007ffdca450000 - 0x00007ffdca7e1000 	C:\WINDOWS\system32\nvapi64.dll
0x00007ffdce4f0000 - 0x00007ffdce592000 	C:\WINDOWS\SYSTEM32\dxgi.dll
0x00007ffdd0b20000 - 0x00007ffdd0b4d000 	C:\WINDOWS\SYSTEM32\SspiCli.dll
0x00007ffdc9ea0000 - 0x00007ffdc9f80000 	C:\Program Files (x86)\NVIDIA Corporation\3D Vision\nvSCPAPI64.dll
0x00007ffdd0800000 - 0x00007ffdd0817000 	C:\WINDOWS\SYSTEM32\CRYPTSP.dll
0x00007ffdd0490000 - 0x00007ffdd04c4000 	C:\WINDOWS\system32\rsaenh.dll
0x00007ffdd0ce0000 - 0x00007ffdd0d09000 	C:\WINDOWS\SYSTEM32\bcrypt.dll
0x00007ffdd05e0000 - 0x00007ffdd05ff000 	C:\WINDOWS\SYSTEM32\USERENV.dll
0x00007ffdd0920000 - 0x00007ffdd092b000 	C:\WINDOWS\SYSTEM32\CRYPTBASE.dll
0x000000005e1b0000 - 0x000000005e1ca000 	C:\Program Files\Java\jdk1.8.0_65\jre\bin\net.dll
0x00007ffdd0750000 - 0x00007ffdd07ac000 	C:\WINDOWS\system32\mswsock.dll
0x00007ffdcd610000 - 0x00007ffdcd648000 	C:\WINDOWS\SYSTEM32\IPHLPAPI.DLL
0x00007ffdd4b00000 - 0x00007ffdd4b08000 	C:\WINDOWS\system32\NSI.dll
0x00007ffdcc260000 - 0x00007ffdcc276000 	C:\WINDOWS\SYSTEM32\dhcpcsvc6.DLL
0x00007ffdccb50000 - 0x00007ffdccb6a000 	C:\WINDOWS\SYSTEM32\dhcpcsvc.DLL
0x000000005e190000 - 0x000000005e1a1000 	C:\Program Files\Java\jdk1.8.0_65\jre\bin\nio.dll
0x000000005de90000 - 0x000000005ded7000 	C:\Program Files\Java\jdk1.8.0_65\jre\bin\fontmanager.dll
0x00007ffda9700000 - 0x00007ffda988c000 	C:\WINDOWS\SYSTEM32\dbghelp.dll

VM Arguments:
jvm_args: -Dfile.encoding=Cp1252 
java_command: ch.idsia.scenarios.Main
java_class_path (initial): E:\Development\SchoolWork Spring 2016\Learning and Advanced Game AI\Mario AI Benchmark\MarioAI+Benchmark\GameAIAssignment2\mario\bin
Launcher Type: SUN_STANDARD

Environment Variables:
PATH=C:/Program Files/Java/jdk1.8.0_65/jre/bin/server;C:/Program Files/Java/jdk1.8.0_65/jre/bin;C:/Program Files/Java/jdk1.8.0_65/jre/lib/amd64;C:\ProgramData\Oracle\Java\javapath;C:\Program Files (x86)\Intel\iCLS Client\;C:\Program Files\Intel\iCLS Client\;C:\Windows\system32;C:\Windows;C:\Windows\System32\Wbem;C:\Windows\System32\WindowsPowerShell\v1.0\;C:\Program Files\Intel\WiFi\bin\;C:\Program Files\Common Files\Intel\WirelessCommon\;C:\Program Files (x86)\NVIDIA Corporation\PhysX\Common;C:\Program Files (x86)\Intel\Intel(R) Management Engine Components\DAL;C:\Program Files\Intel\Intel(R) Management Engine Components\DAL;C:\Program Files (x86)\Intel\Intel(R) Management Engine Components\IPT;C:\Program Files\Intel\Intel(R) Management Engine Components\IPT;C:\WINDOWS\system32;C:\WINDOWS;C:\WINDOWS\System32\Wbem;C:\WINDOWS\System32\WindowsPowerShell\v1.0\;C:\Program Files (x86)\GtkSharp\2.12\bin;C:\Program Files\Git\cmd;C:\Program Files (x86)\Skype\Phone\;C:\Users\wphel\Desktop;
USERNAME=wphel
OS=Windows_NT
PROCESSOR_IDENTIFIER=Intel64 Family 6 Model 60 Stepping 3, GenuineIntel



---------------  S Y S T E M  ---------------

OS: Windows 10.0 , 64 bit Build 10586 (10.0.10586.0)

CPU:total 8 (4 cores per cpu, 2 threads per core) family 6 model 60 stepping 3, cmov, cx8, fxsr, mmx, sse, sse2, sse3, ssse3, sse4.1, sse4.2, popcnt, avx, avx2, aes, clmul, erms, lzcnt, ht, tsc, tscinvbit, bmi1, bmi2

Memory: 4k page, physical 33502312k(24266892k free), swap 38483048k(26621908k free)

vm_info: Java HotSpot(TM) 64-Bit Server VM (25.65-b01) for windows-amd64 JRE (1.8.0_65-b17), built on Oct  6 2015 16:39:20 by "java_re" with MS VC++ 10.0 (VS2010)

time: Tue Feb 23 22:43:07 2016
elapsed time: 1261 seconds (0d 0h 21m 1s)

